# JRE version: OpenJDK Runtime Environment (7.0_101) (build 1.7.0_101-b00)
# Java VM: OpenJDK 64-Bit Server VM (24.95-b01 mixed mode linux-amd64 compressed oops)
Heap
 PSYoungGen      total 270336K, used 71904K [0x00000000eaa80000, 0x0000000100000000, 0x0000000100000000)
  eden space 237056K, 16% used [0x00000000eaa80000,0x00000000ed040310,0x00000000f9200000)
  from space 33280K, 99% used [0x00000000f9200000,0x00000000fb277f88,0x00000000fb280000)
  to   space 58880K, 0% used [0x00000000fc680000,0x00000000fc680000,0x0000000100000000)
 ParOldGen       total 349696K, used 297860K [0x00000000c0000000, 0x00000000d5580000, 0x00000000eaa80000)
  object space 349696K, 85% used [0x00000000c0000000,0x00000000d22e13b8,0x00000000d5580000)
 PSPermGen       total 156160K, used 86619K [0x00000000a8000000, 0x00000000b1880000, 0x00000000c0000000)
  object space 156160K, 55% used [0x00000000a8000000,0x00000000ad496cc8,0x00000000b1880000)
GC Heap History (10 events):
Event: 3766.384 GC heap before
{Heap before GC invocations=180 (full 1):
 PSYoungGen      total 299520K, used 257867K [0x00000000eaa80000, 0x00000000ffa00000, 0x0000000100000000)
  eden space 256512K, 100% used [0x00000000eaa80000,0x00000000fa500000,0x00000000fa500000)
  from space 43008K, 3% used [0x00000000fd000000,0x00000000fd152f90,0x00000000ffa00000)
  to   space 43520K, 0% used [0x00000000fa500000,0x00000000fa500000,0x00000000fcf80000)
 ParOldGen       total 349696K, used 281601K [0x00000000c0000000, 0x00000000d5580000, 0x00000000eaa80000)
  object space 349696K, 80% used [0x00000000c0000000,0x00000000d1300668,0x00000000d5580000)
 PSPermGen       total 156160K, used 86619K [0x00000000a8000000, 0x00000000b1880000, 0x00000000c0000000)
  object space 156160K, 55% used [0x00000000a8000000,0x00000000ad496cc8,0x00000000b1880000)
Event: 3766.477 GC heap after
Heap after GC invocations=180 (full 1):
 PSYoungGen      total 300032K, used 24697K [0x00000000eaa80000, 0x0000000100000000, 0x0000000100000000)
  eden space 256512K, 0% used [0x00000000eaa80000,0x00000000eaa80000,0x00000000fa500000)
  from space 43520K, 56% used [0x00000000fa500000,0x00000000fbd1e770,0x00000000fcf80000)
  to   space 46080K, 0% used [0x00000000fd300000,0x00000000fd300000,0x0000000100000000)
 ParOldGen       total 349696K, used 282653K [0x00000000c0000000, 0x00000000d5580000, 0x00000000eaa80000)
  object space 349696K, 80% used [0x00000000c0000000,0x00000000d1407630,0x00000000d5580000)
 PSPermGen       total 156160K, used 86619K [0x00000000a8000000, 0x00000000b1880000, 0x00000000c0000000)
  object space 156160K, 55% used [0x00000000a8000000,0x00000000ad496cc8,0x00000000b1880000)
}
Event: 3767.114 GC heap before
{Heap before GC invocations=181 (full 1):
 PSYoungGen      total 300032K, used 281209K [0x00000000eaa80000, 0x0000000100000000, 0x0000000100000000)
  eden space 256512K, 100% used [0x00000000eaa80000,0x00000000fa500000,0x00000000fa500000)
  from space 43520K, 56% used [0x00000000fa500000,0x00000000fbd1e770,0x00000000fcf80000)
  to   space 46080K, 0% used [0x00000000fd300000,0x00000000fd300000,0x0000000100000000)
 ParOldGen       total 349696K, used 282653K [0x00000000c0000000, 0x00000000d5580000, 0x00000000eaa80000)
  object space 349696K, 80% used [0x00000000c0000000,0x00000000d1407630,0x00000000d5580000)
 PSPermGen       total 156160K, used 86619K [0x00000000a8000000, 0x00000000b1880000, 0x00000000c0000000)
  object space 156160K, 55% used [0x00000000a8000000,0x00000000ad496cc8,0x00000000b1880000)
Event: 3767.190 GC heap after
Heap after GC invocations=181 (full 1):
 PSYoungGen      total 294400K, used 32186K [0x00000000eaa80000, 0x0000000100000000, 0x0000000100000000)
  eden space 248320K, 0% used [0x00000000eaa80000,0x00000000eaa80000,0x00000000f9d00000)
  from space 46080K, 69% used [0x00000000fd300000,0x00000000ff26e9a8,0x0000000100000000)
  to   space 50688K, 0% used [0x00000000f9d00000,0x00000000f9d00000,0x00000000fce80000)
 ParOldGen       total 349696K, used 287303K [0x00000000c0000000, 0x00000000d5580000, 0x00000000eaa80000)
  object space 349696K, 82% used [0x00000000c0000000,0x00000000d1891e28,0x00000000d5580000)
 PSPermGen       total 156160K, used 86619K [0x00000000a8000000, 0x00000000b1880000, 0x00000000c0000000)
  object space 156160K, 55% used [0x00000000a8000000,0x00000000ad496cc8,0x00000000b1880000)
}
Event: 3767.815 GC heap before
{Heap before GC invocations=182 (full 1):
 PSYoungGen      total 294400K, used 280506K [0x00000000eaa80000, 0x0000000100000000, 0x0000000100000000)
  eden space 248320K, 100% used [0x00000000eaa80000,0x00000000f9d00000,0x00000000f9d00000)
  from space 46080K, 69% used [0x00000000fd300000,0x00000000ff26e9a8,0x0000000100000000)
  to   space 50688K, 0% used [0x00000000f9d00000,0x00000000f9d00000,0x00000000fce80000)
 ParOldGen       total 349696K, used 287303K [0x00000000c0000000, 0x00000000d5580000, 0x00000000eaa80000)
  object space 349696K, 82% used [0x00000000c0000000,0x00000000d1891e28,0x00000000d5580000)
 PSPermGen       total 156160K, used 86619K [0x00000000a8000000, 0x00000000b1880000, 0x00000000c0000000)
  object space 156160K, 55% used [0x00000000a8000000,0x00000000ad496cc8,0x00000000b1880000)
Event: 3767.877 GC heap after
Heap after GC invocations=182 (full 1):
 PSYoungGen      total 280576K, used 32223K [0x00000000eaa80000, 0x0000000100000000, 0x0000000100000000)
  eden space 248320K, 0% used [0x00000000eaa80000,0x00000000eaa80000,0x00000000f9d00000)
  from space 32256K, 99% used [0x00000000f9d00000,0x00000000fbc77f48,0x00000000fbc80000)
  to   space 54272K, 0% used [0x00000000fcb00000,0x00000000fcb00000,0x0000000100000000)
 ParOldGen       total 349696K, used 289735K [0x00000000c0000000, 0x00000000d5580000, 0x00000000eaa80000)
  object space 349696K, 82% used [0x00000000c0000000,0x00000000d1af1e38,0x00000000d5580000)
 PSPermGen       total 156160K, used 86619K [0x00000000a8000000, 0x00000000b1880000, 0x00000000c0000000)
  object space 156160K, 55% used [0x00000000a8000000,0x00000000ad496cc8,0x00000000b1880000)
}
Event: 3768.458 GC heap before
{Heap before GC invocations=183 (full 1):
 PSYoungGen      total 280576K, used 280543K [0x00000000eaa80000, 0x0000000100000000, 0x0000000100000000)
  eden space 248320K, 100% used [0x00000000eaa80000,0x00000000f9d00000,0x00000000f9d00000)
  from space 32256K, 99% used [0x00000000f9d00000,0x00000000fbc77f48,0x00000000fbc80000)
  to   space 54272K, 0% used [0x00000000fcb00000,0x00000000fcb00000,0x0000000100000000)
 ParOldGen       total 349696K, used 289735K [0x00000000c0000000, 0x00000000d5580000, 0x00000000eaa80000)
  object space 349696K, 82% used [0x00000000c0000000,0x00000000d1af1e38,0x00000000d5580000)
 PSPermGen       total 156160K, used 86619K [0x00000000a8000000, 0x00000000b1880000, 0x00000000c0000000)
  object space 156160K, 55% used [0x00000000a8000000,0x00000000ad496cc8,0x00000000b1880000)
Event: 3768.507 GC heap after
Heap after GC invocations=183 (full 1):
 PSYoungGen      total 291328K, used 31404K [0x00000000eaa80000, 0x0000000100000000, 0x0000000100000000)
  eden space 237056K, 0% used [0x00000000eaa80000,0x00000000eaa80000,0x00000000f9200000)
  from space 54272K, 57% used [0x00000000fcb00000,0x00000000fe9ab140,0x0000000100000000)
  to   space 56320K, 0% used [0x00000000f9200000,0x00000000f9200000,0x00000000fc900000)
 ParOldGen       total 349696K, used 294082K [0x00000000c0000000, 0x00000000d5580000, 0x00000000eaa80000)
  object space 349696K, 84% used [0x00000000c0000000,0x00000000d1f30b10,0x00000000d5580000)
 PSPermGen       total 156160K, used 86619K [0x00000000a8000000, 0x00000000b1880000, 0x00000000c0000000)
  object space 156160K, 55% used [0x00000000a8000000,0x00000000ad496cc8,0x00000000b1880000)
}
Event: 3769.014 GC heap before
{Heap before GC invocations=184 (full 1):
 PSYoungGen      total 291328K, used 268460K [0x00000000eaa80000, 0x0000000100000000, 0x0000000100000000)
  eden space 237056K, 100% used [0x00000000eaa80000,0x00000000f9200000,0x00000000f9200000)
  from space 54272K, 57% used [0x00000000fcb00000,0x00000000fe9ab140,0x0000000100000000)
  to   space 56320K, 0% used [0x00000000f9200000,0x00000000f9200000,0x00000000fc900000)
 ParOldGen       total 349696K, used 294082K [0x00000000c0000000, 0x00000000d5580000, 0x00000000eaa80000)
  object space 349696K, 84% used [0x00000000c0000000,0x00000000d1f30b10,0x00000000d5580000)
 PSPermGen       total 156160K, used 86619K [0x00000000a8000000, 0x00000000b1880000, 0x00000000c0000000)
  object space 156160K, 55% used [0x00000000a8000000,0x00000000ad496cc8,0x00000000b1880000)
Event: 3769.059 GC heap after
Heap after GC invocations=184 (full 1):
 PSYoungGen      total 270336K, used 33247K [0x00000000eaa80000, 0x0000000100000000, 0x0000000100000000)
  eden space 237056K, 0% used [0x00000000eaa80000,0x00000000eaa80000,0x00000000f9200000)
  from space 33280K, 99% used [0x00000000f9200000,0x00000000fb277f88,0x00000000fb280000)
  to   space 58880K, 0% used [0x00000000fc680000,0x00000000fc680000,0x0000000100000000)
 ParOldGen       total 349696K, used 297860K [0x00000000c0000000, 0x00000000d5580000, 0x00000000eaa80000)
  object space 349696K, 85% used [0x00000000c0000000,0x00000000d22e13b8,0x00000000d5580000)
 PSPermGen       total 156160K, used 86619K [0x00000000a8000000, 0x00000000b1880000, 0x00000000c0000000)
  object space 156160K, 55% used [0x00000000a8000000,0x00000000ad496cc8,0x00000000b1880000)
}

